Using pre-set license
Built from '2020.3/staging' branch; Version is '2020.3.13f1 (71691879b7f5) revision 7432472'; Using compiler version '192528614'; Build Type 'Release'
OS: 'Windows 10 Pro Education; OS build 19044.2486; Version 2009; 64bit' Language: 'en' Physical Memory: 16303 MB
BatchMode: 1, IsHumanControllingUs: 0, StartBugReporterOnCrash: 0, Is64bit: 1, IsPro: 0

 COMMAND LINE ARGUMENTS:
C:\Program Files\Unity2020.3.13f1\Editor\Unity.exe
-adb2
-batchMode
-noUpm
-name
AssetImportWorker0
-projectPath
E:/GAMEPLAY 2 2023/Animations
-logFile
Logs/AssetImportWorker0.log
-srvPort
57227
Successfully changed project path to: E:/GAMEPLAY 2 2023/Animations
E:/GAMEPLAY 2 2023/Animations
Using Asset Import Pipeline V2.
Refreshing native plugins compatible for Editor in 55.36 ms, found 2 plugins.
Preloading 0 native plugins for Editor in 0.00 ms.
Initialize engine version: 2020.3.13f1 (71691879b7f5)
[Subsystems] Discovering subsystems at path C:/Program Files/Unity2020.3.13f1/Editor/Data/Resources/UnitySubsystems
[Subsystems] Discovering subsystems at path E:/GAMEPLAY 2 2023/Animations/Assets
GfxDevice: creating device client; threaded=0
Direct3D:
    Version:  Direct3D 11.0 [level 11.1]
    Renderer: NVIDIA GeForce GTX 1060 6GB (ID=0x1c03)
    Vendor:   
    VRAM:     6052 MB
    Driver:   27.21.14.6627
Initialize mono
Mono path[0] = 'C:/Program Files/Unity2020.3.13f1/Editor/Data/Managed'
Mono path[1] = 'C:/Program Files/Unity2020.3.13f1/Editor/Data/MonoBleedingEdge/lib/mono/unityjit'
Mono config path = 'C:/Program Files/Unity2020.3.13f1/Editor/Data/MonoBleedingEdge/etc'
Using monoOptions --debugger-agent=transport=dt_socket,embedding=1,server=y,suspend=n,address=127.0.0.1:56272
Begin MonoManager ReloadAssembly
Registering precompiled unity dll's ...
Register platform support module: C:/Program Files/Unity2020.3.13f1/Editor/Data/PlaybackEngines/WebGLSupport/UnityEditor.WebGL.Extensions.dll
Register platform support module: C:/Program Files/Unity2020.3.13f1/Editor/Data/PlaybackEngines/MacStandaloneSupport/UnityEditor.OSXStandalone.Extensions.dll
Register platform support module: C:/Program Files/Unity2020.3.13f1/Editor/Data/PlaybackEngines/WindowsStandaloneSupport/UnityEditor.WindowsStandalone.Extensions.dll
Registered in 0.011747 seconds.
Native extension for WindowsStandalone target not found
Native extension for OSXStandalone target not found
Native extension for WebGL target not found
Refreshing native plugins compatible for Editor in 78.79 ms, found 2 plugins.
Preloading 0 native plugins for Editor in 0.00 ms.
Mono: successfully reloaded assembly
- Completed reload, in  2.470 seconds
Platform modules already initialized, skipping
Registering precompiled user dll's ...
Registered in 0.020191 seconds.
Begin MonoManager ReloadAssembly
Native extension for WindowsStandalone target not found
Native extension for OSXStandalone target not found
Native extension for WebGL target not found
Refreshing native plugins compatible for Editor in 0.86 ms, found 2 plugins.
Preloading 0 native plugins for Editor in 0.00 ms.
Mono: successfully reloaded assembly
- Completed reload, in  1.598 seconds
Platform modules already initialized, skipping
========================================================================
Worker process is ready to serve import requests
Launched and connected shader compiler UnityShaderCompiler.exe after 0.06 seconds
Refreshing native plugins compatible for Editor in 0.55 ms, found 2 plugins.
Preloading 0 native plugins for Editor in 0.00 ms.
Unloading 1624 Unused Serialized files (Serialized files now loaded: 0)
System memory in use before: 102.4 MB.
System memory in use after: 102.5 MB.

Unloading 19 unused Assets to reduce memory usage. Loaded Objects now: 2078.
Total: 3.062700 ms (FindLiveObjects: 0.288900 ms CreateObjectMapping: 0.077500 ms MarkObjects: 2.544800 ms  DeleteObjects: 0.149800 ms)

AssetImportParameters requested are different than current active one (requested -> active):
  custom:framework-win-MediaFoundation: 216162199b28c13a410421893ffa2e32 -> 
  custom:video-decoder-ogg-theora: a1e56fd34408186e4bbccfd4996cb3dc -> 
  custom:container-muxer-webm: aa71ff27fc2769a1b78a27578f13a17b -> 
  custom:container-demuxer-webm: 4f35f7cbe854078d1ac9338744f61a02 -> 
  custom:container-demuxer-ogg: 62fdf1f143b41e24485cea50d1cbac27 -> 
  custom:video-encoder-webm-vp8: eb34c28f22e8b96e1ab97ce403110664 -> 
  custom:video-decoder-webm-vp8: 9c59270c3fd7afecdb556c50c9e8de78 -> 
  custom:audio-decoder-ogg-vorbis: bf7c407c2cedff20999df2af8eb42d56 -> 
  custom:audio-encoder-webm-vorbis: bf7c407c2cedff20999df2af8eb42d56 -> 
========================================================================
Received Import Request.
  path: Assets/Environment/Particles
  artifactKey: Guid(d7ea5a218770df14895b81e3602e420f) Importer(815301076,1909f56bfc062723c751e8b465ee728b)
Start importing Assets/Environment/Particles using Guid(d7ea5a218770df14895b81e3602e420f) Importer(815301076,1909f56bfc062723c751e8b465ee728b)  -> (artifact id: '595a2307d3ce9c486ae796b9cbf14e6a') in 0.011765 seconds 
  Import took 0.016078 seconds .

========================================================================
Received Import Request.
  Time since last request: 0.000300 seconds.
  path: Assets/Environment/ExampleSettings.lighting
  artifactKey: Guid(9871e1edb2d939049a097c73d58cb894) Importer(815301076,1909f56bfc062723c751e8b465ee728b)
Start importing Assets/Environment/ExampleSettings.lighting using Guid(9871e1edb2d939049a097c73d58cb894) Importer(815301076,1909f56bfc062723c751e8b465ee728b) LightingSettings: switching bake backend from 1 to 0.
 -> (artifact id: 'd46ed8bf7bdcf9156a5816d3721df879') in 0.049899 seconds 
  Import took 0.054676 seconds .

========================================================================
Received Import Request.
  Time since last request: 0.000300 seconds.
  path: Assets/Environment/CC.asset
  artifactKey: Guid(bc7ef57070e716341add7384478da609) Importer(815301076,1909f56bfc062723c751e8b465ee728b)
Start importing Assets/Environment/CC.asset using Guid(bc7ef57070e716341add7384478da609) Importer(815301076,1909f56bfc062723c751e8b465ee728b)  -> (artifact id: 'd6c9d5e6e1b5c215fabdaef3b5562a80') in 0.065349 seconds 
  Import took 0.070438 seconds .

========================================================================
Received Import Request.
  Time since last request: 0.000324 seconds.
  path: Assets/Environment
  artifactKey: Guid(4e4df48c138590b4390c8432f23a5326) Importer(815301076,1909f56bfc062723c751e8b465ee728b)
Start importing Assets/Environment using Guid(4e4df48c138590b4390c8432f23a5326) Importer(815301076,1909f56bfc062723c751e8b465ee728b)  -> (artifact id: '93302e404a239f0e125968f81df350ac') in 0.007750 seconds 
  Import took 0.013728 seconds .

========================================================================
Received Import Request.
  Time since last request: 0.131642 seconds.
  path: Assets/Environment/Particles/Shaders
  artifactKey: Guid(d5bbfe17fd61a7f45ad1932a5dd14b56) Importer(815301076,1909f56bfc062723c751e8b465ee728b)
Start importing Assets/Environment/Particles/Shaders using Guid(d5bbfe17fd61a7f45ad1932a5dd14b56) Importer(815301076,1909f56bfc062723c751e8b465ee728b)  -> (artifact id: '526b5d5badd21b2cdb324a38a5d07cd8') in 0.005899 seconds 
  Import took 0.009335 seconds .

========================================================================
Received Import Request.
  Time since last request: 3.596932 seconds.
  path: Assets/Environment/Particles/Materials/GlowBall_CoreParticles.mat
  artifactKey: Guid(7a9c80219d6745841a501e0793b37325) Importer(815301076,1909f56bfc062723c751e8b465ee728b)
Start importing Assets/Environment/Particles/Materials/GlowBall_CoreParticles.mat using Guid(7a9c80219d6745841a501e0793b37325) Importer(815301076,1909f56bfc062723c751e8b465ee728b)  -> (artifact id: '177923d20c83e5e819afa996a7bd9530') in 0.106786 seconds 
  Import took 0.111431 seconds .

========================================================================
Received Import Request.
  Time since last request: 0.028183 seconds.
  path: Assets/Environment/Particles/Materials/GlowBall_CoreParticles.mat
  artifactKey: Guid(7a9c80219d6745841a501e0793b37325) Importer(815301076,1909f56bfc062723c751e8b465ee728b)
Start importing Assets/Environment/Particles/Materials/GlowBall_CoreParticles.mat using Guid(7a9c80219d6745841a501e0793b37325) Importer(815301076,1909f56bfc062723c751e8b465ee728b)  -> (artifact id: '177923d20c83e5e819afa996a7bd9530') in 0.013367 seconds 
  Import took 0.018297 seconds .

========================================================================
Received Import Request.
  Time since last request: 14.035429 seconds.
  path: Assets/Environment/Prefabs
  artifactKey: Guid(6d21ee1bac72c2e469c3067a0b6dc8fd) Importer(815301076,1909f56bfc062723c751e8b465ee728b)
Start importing Assets/Environment/Prefabs using Guid(6d21ee1bac72c2e469c3067a0b6dc8fd) Importer(815301076,1909f56bfc062723c751e8b465ee728b)  -> (artifact id: '5b67c862e828a8fd8bac121038531451') in 0.005666 seconds 
  Import took 0.009371 seconds .

========================================================================
Received Import Request.
  Time since last request: 0.042171 seconds.
  path: Assets/Environment/Prefabs/Campfire.prefab
  artifactKey: Guid(43cbaea1607bc9248aedcee481f27809) Importer(815301076,1909f56bfc062723c751e8b465ee728b)
Start importing Assets/Environment/Prefabs/Campfire.prefab using Guid(43cbaea1607bc9248aedcee481f27809) Importer(815301076,1909f56bfc062723c751e8b465ee728b)  -> (artifact id: '524a36dc0eb203ce20bd232de6028e32') in 0.419713 seconds 
  Import took 0.424729 seconds .

========================================================================
Received Import Request.
  Time since last request: 0.000290 seconds.
  path: Assets/Environment/Prefabs/Lamp.prefab
  artifactKey: Guid(bfc2a43bc280a494dbd8a2a82e95a634) Importer(815301076,1909f56bfc062723c751e8b465ee728b)
Start importing Assets/Environment/Prefabs/Lamp.prefab using Guid(bfc2a43bc280a494dbd8a2a82e95a634) Importer(815301076,1909f56bfc062723c751e8b465ee728b)  -> (artifact id: '18dd2a3ad13a88b49c8658011e3c9713') in 0.023839 seconds 
  Import took 0.027249 seconds .

========================================================================
Received Import Request.
  Time since last request: 0.000276 seconds.
  path: Assets/Environment/Prefabs/StoneSize2.prefab
  artifactKey: Guid(1d4e8fdf08b2060448400dd060a320a5) Importer(815301076,1909f56bfc062723c751e8b465ee728b)
Start importing Assets/Environment/Prefabs/StoneSize2.prefab using Guid(1d4e8fdf08b2060448400dd060a320a5) Importer(815301076,1909f56bfc062723c751e8b465ee728b)  -> (artifact id: 'de2647e299f909a7b38b000daef08e89') in 0.017616 seconds 
  Import took 0.021665 seconds .

========================================================================
Received Import Request.
  Time since last request: 0.000245 seconds.
  path: Assets/Environment/Prefabs/GlowBall.prefab
  artifactKey: Guid(22d6eca7f0c9598449f2566e043ab643) Importer(815301076,1909f56bfc062723c751e8b465ee728b)
Start importing Assets/Environment/Prefabs/GlowBall.prefab using Guid(22d6eca7f0c9598449f2566e043ab643) Importer(815301076,1909f56bfc062723c751e8b465ee728b)  -> (artifact id: '3b3b9b0296287ed7765446ee0f921142') in 0.018006 seconds 
  Import took 0.023013 seconds .

========================================================================
Received Import Request.
  Time since last request: 0.000315 seconds.
  path: Assets/Environment/Prefabs/StoneSize1.prefab
  artifactKey: Guid(65b6388fdf5b5d24393f288fe96f3552) Importer(815301076,1909f56bfc062723c751e8b465ee728b)
Start importing Assets/Environment/Prefabs/StoneSize1.prefab using Guid(65b6388fdf5b5d24393f288fe96f3552) Importer(815301076,1909f56bfc062723c751e8b465ee728b)  -> (artifact id: 'f04b7c8c24077bdd9007427a77f9ce0b') in 0.016642 seconds 
  Import took 0.020472 seconds .

========================================================================
Received Import Request.
  Time since last request: 0.000287 seconds.
  path: Assets/Environment/Prefabs/StoneSize3.prefab
  artifactKey: Guid(ce7e7865773b1c24daec1e97606d35ff) Importer(815301076,1909f56bfc062723c751e8b465ee728b)
Start importing Assets/Environment/Prefabs/StoneSize3.prefab using Guid(ce7e7865773b1c24daec1e97606d35ff) Importer(815301076,1909f56bfc062723c751e8b465ee728b)  -> (artifact id: 'c8adc0f50b20104a782fe78bcc90f016') in 0.018520 seconds 
  Import took 0.023671 seconds .

========================================================================
Received Import Request.
  Time since last request: 0.000315 seconds.
  path: Assets/Environment/Prefabs/WoodenStool.prefab
  artifactKey: Guid(a5b6531bd8601e34ea81fc1e43782119) Importer(815301076,1909f56bfc062723c751e8b465ee728b)
Start importing Assets/Environment/Prefabs/WoodenStool.prefab using Guid(a5b6531bd8601e34ea81fc1e43782119) Importer(815301076,1909f56bfc062723c751e8b465ee728b)  -> (artifact id: 'b2844d060e6df211bbc6b0d463e92120') in 0.018403 seconds 
  Import took 0.023772 seconds .

========================================================================
Received Prepare
Registering precompiled user dll's ...
Registered in 0.018298 seconds.
Begin MonoManager ReloadAssembly
Native extension for WindowsStandalone target not found
Native extension for OSXStandalone target not found
Native extension for WebGL target not found
Refreshing native plugins compatible for Editor in 93.59 ms, found 2 plugins.
Preloading 0 native plugins for Editor in 0.00 ms.
Mono: successfully reloaded assembly
- Completed reload, in  3.588 seconds
Platform modules already initialized, skipping
Shader 'Universal Render Pipeline/Nature/SpeedTree7': dependency 'BillboardShader' shader 'Universal Render Pipeline/Nature/SpeedTree7 Billboard' not found
Shader 'Universal Render Pipeline/Baked Lit': fallback shader 'Universal Render Pipeline/Unlit' not found
Shader 'Universal Render Pipeline/Simple Lit': fallback shader 'Hidden/Universal Render Pipeline/FallbackError' not found
Shader 'Universal Render Pipeline/Terrain/Lit': fallback shader 'Hidden/Universal Render Pipeline/FallbackError' not found
Shader 'Universal Render Pipeline/Terrain/Lit': dependency 'AddPassShader' shader 'Hidden/Universal Render Pipeline/Terrain/Lit (Add Pass)' not found
Shader 'Universal Render Pipeline/Terrain/Lit': dependency 'BaseMapShader' shader 'Hidden/Universal Render Pipeline/Terrain/Lit (Base Pass)' not found
Shader 'Universal Render Pipeline/Terrain/Lit': dependency 'BaseMapGenShader' shader 'Hidden/Universal Render Pipeline/Terrain/Lit (Basemap Gen)' not found
Shader 'Hidden/Universal Render Pipeline/Terrain/Lit (Add Pass)': fallback shader 'Hidden/Universal Render Pipeline/FallbackError' not found
Shader 'Hidden/Universal Render Pipeline/Terrain/Lit (Base Pass)': fallback shader 'Hidden/Universal Render Pipeline/FallbackError' not found
Shader 'Universal Render Pipeline/Particles/Lit': fallback shader 'Universal Render Pipeline/Particles/SimpleLit' not found
Shader 'Universal Render Pipeline/Particles/Lit': fallback shader 'Universal Render Pipeline/Particles/SimpleLit' not found
Refreshing native plugins compatible for Editor in 0.79 ms, found 2 plugins.
Preloading 0 native plugins for Editor in 0.00 ms.
Unloading 2838 Unused Serialized files (Serialized files now loaded: 0)
System memory in use before: 152.3 MB.
System memory in use after: 148.1 MB.

Unloading 71 unused Assets to reduce memory usage. Loaded Objects now: 3320.
Total: 4.667000 ms (FindLiveObjects: 0.272500 ms CreateObjectMapping: 0.125700 ms MarkObjects: 2.056000 ms  DeleteObjects: 2.211200 ms)

AssetImportParameters requested are different than current active one (requested -> active):
  custom:framework-win-MediaFoundation: 216162199b28c13a410421893ffa2e32 -> 
  custom:video-decoder-ogg-theora: a1e56fd34408186e4bbccfd4996cb3dc -> 
  custom:container-muxer-webm: aa71ff27fc2769a1b78a27578f13a17b -> 
  custom:container-demuxer-webm: 4f35f7cbe854078d1ac9338744f61a02 -> 
  custom:container-demuxer-ogg: 62fdf1f143b41e24485cea50d1cbac27 -> 
  custom:video-encoder-webm-vp8: eb34c28f22e8b96e1ab97ce403110664 -> 
  custom:video-decoder-webm-vp8: 9c59270c3fd7afecdb556c50c9e8de78 -> 
  custom:audio-decoder-ogg-vorbis: bf7c407c2cedff20999df2af8eb42d56 -> 
  custom:audio-encoder-webm-vorbis: bf7c407c2cedff20999df2af8eb42d56 -> 
========================================================================
Received Import Request.
  Time since last request: 372.984183 seconds.
  path: Assets/Scenes/SampleScene.unity
  artifactKey: Guid(9fc0d4010bbf28b4594072e72b8655ab) Importer(815301076,1909f56bfc062723c751e8b465ee728b)
Start importing Assets/Scenes/SampleScene.unity using Guid(9fc0d4010bbf28b4594072e72b8655ab) Importer(815301076,1909f56bfc062723c751e8b465ee728b)  -> (artifact id: '7324a36e2be389f8555765b67f264565') in 0.025200 seconds 
  Import took 0.031201 seconds .

========================================================================
Received Import Request.
  Time since last request: 76.365859 seconds.
  path: Assets/Environment/Example.unity
  artifactKey: Guid(93f3bc3a6fb0a6d42ac99d6f4d15642c) Importer(815301076,1909f56bfc062723c751e8b465ee728b)
Start importing Assets/Environment/Example.unity using Guid(93f3bc3a6fb0a6d42ac99d6f4d15642c) Importer(815301076,1909f56bfc062723c751e8b465ee728b)  -> (artifact id: '9b661f5ee2b3cf9e9c7fc050fce84eba') in 0.025904 seconds 
  Import took 0.031961 seconds .

========================================================================
Received Prepare
Registering precompiled user dll's ...
Registered in 0.013203 seconds.
Begin MonoManager ReloadAssembly
Native extension for WindowsStandalone target not found
Native extension for OSXStandalone target not found
Native extension for WebGL target not found
Refreshing native plugins compatible for Editor in 0.72 ms, found 2 plugins.
Preloading 0 native plugins for Editor in 0.00 ms.
Mono: successfully reloaded assembly
- Completed reload, in  1.712 seconds
Platform modules already initialized, skipping
Shader 'Universal Render Pipeline/Particles/Lit': fallback shader 'Universal Render Pipeline/Particles/SimpleLit' not found
Shader 'Universal Render Pipeline/Particles/Lit': fallback shader 'Universal Render Pipeline/Particles/SimpleLit' not found
Refreshing native plugins compatible for Editor in 0.73 ms, found 2 plugins.
Preloading 0 native plugins for Editor in 0.00 ms.
Unloading 2838 Unused Serialized files (Serialized files now loaded: 0)
System memory in use before: 152.5 MB.
System memory in use after: 148.4 MB.

Unloading 70 unused Assets to reduce memory usage. Loaded Objects now: 3322.
Total: 5.025300 ms (FindLiveObjects: 0.266200 ms CreateObjectMapping: 0.126500 ms MarkObjects: 2.099000 ms  DeleteObjects: 2.531900 ms)

AssetImportParameters requested are different than current active one (requested -> active):
  custom:framework-win-MediaFoundation: 216162199b28c13a410421893ffa2e32 -> 
  custom:video-decoder-ogg-theora: a1e56fd34408186e4bbccfd4996cb3dc -> 
  custom:container-muxer-webm: aa71ff27fc2769a1b78a27578f13a17b -> 
  custom:container-demuxer-webm: 4f35f7cbe854078d1ac9338744f61a02 -> 
  custom:container-demuxer-ogg: 62fdf1f143b41e24485cea50d1cbac27 -> 
  custom:video-encoder-webm-vp8: eb34c28f22e8b96e1ab97ce403110664 -> 
  custom:video-decoder-webm-vp8: 9c59270c3fd7afecdb556c50c9e8de78 -> 
  custom:audio-decoder-ogg-vorbis: bf7c407c2cedff20999df2af8eb42d56 -> 
  custom:audio-encoder-webm-vorbis: bf7c407c2cedff20999df2af8eb42d56 -> 
========================================================================
Received Import Request.
  Time since last request: 32.546444 seconds.
  path: Assets/Scripts/Skilling.cs
  artifactKey: Guid(555b57ff16e559546a334e47e0d157b8) Importer(815301076,1909f56bfc062723c751e8b465ee728b)
Start importing Assets/Scripts/Skilling.cs using Guid(555b57ff16e559546a334e47e0d157b8) Importer(815301076,1909f56bfc062723c751e8b465ee728b)  -> (artifact id: 'ae547892c5506422c55405504d179c65') in 0.229546 seconds 
  Import took 0.240772 seconds .

========================================================================
Received Import Request.
  Time since last request: 0.517437 seconds.
  path: Assets/Scripts/Moving.cs
  artifactKey: Guid(35927dba790bdb6469a7731d33d39b50) Importer(815301076,1909f56bfc062723c751e8b465ee728b)
Start importing Assets/Scripts/Moving.cs using Guid(35927dba790bdb6469a7731d33d39b50) Importer(815301076,1909f56bfc062723c751e8b465ee728b)  -> (artifact id: 'dc537fa20a2b4baaab97f6a7429b3484') in 0.006286 seconds 
  Import took 0.012600 seconds .

========================================================================
Received Import Request.
  Time since last request: 0.001195 seconds.
  path: Assets/Scripts/Moving.cs
  artifactKey: Guid(35927dba790bdb6469a7731d33d39b50) Importer(815301076,1909f56bfc062723c751e8b465ee728b)
Start importing Assets/Scripts/Moving.cs using Guid(35927dba790bdb6469a7731d33d39b50) Importer(815301076,1909f56bfc062723c751e8b465ee728b)  -> (artifact id: 'dc537fa20a2b4baaab97f6a7429b3484') in 0.005214 seconds 
  Import took 0.012841 seconds .

========================================================================
Received Import Request.
  Time since last request: 0.522626 seconds.
  path: Assets/Scripts/MovementsPlayer.cs
  artifactKey: Guid(29b64b79945267c41a938e2771adda52) Importer(815301076,1909f56bfc062723c751e8b465ee728b)
Start importing Assets/Scripts/MovementsPlayer.cs using Guid(29b64b79945267c41a938e2771adda52) Importer(815301076,1909f56bfc062723c751e8b465ee728b)  -> (artifact id: 'd5cb491d1919b5e511deed4d77df00e6') in 0.006297 seconds 
  Import took 0.012106 seconds .

========================================================================
Received Import Request.
  Time since last request: 0.034937 seconds.
  path: Assets/Scripts/MovementsPlayer.cs
  artifactKey: Guid(29b64b79945267c41a938e2771adda52) Importer(815301076,1909f56bfc062723c751e8b465ee728b)
Start importing Assets/Scripts/MovementsPlayer.cs using Guid(29b64b79945267c41a938e2771adda52) Importer(815301076,1909f56bfc062723c751e8b465ee728b)  -> (artifact id: 'd5cb491d1919b5e511deed4d77df00e6') in 0.007552 seconds 
  Import took 0.013421 seconds .

========================================================================
Received Prepare
Registering precompiled user dll's ...
Registered in 0.010663 seconds.
Begin MonoManager ReloadAssembly
Native extension for WindowsStandalone target not found
Native extension for OSXStandalone target not found
Native extension for WebGL target not found
Refreshing native plugins compatible for Editor in 0.70 ms, found 2 plugins.
Preloading 0 native plugins for Editor in 0.00 ms.
Mono: successfully reloaded assembly
- Completed reload, in  1.415 seconds
Platform modules already initialized, skipping
Shader 'Universal Render Pipeline/Particles/Lit': fallback shader 'Universal Render Pipeline/Particles/SimpleLit' not found
Shader 'Universal Render Pipeline/Particles/Lit': fallback shader 'Universal Render Pipeline/Particles/SimpleLit' not found
Refreshing native plugins compatible for Editor in 0.72 ms, found 2 plugins.
Preloading 0 native plugins for Editor in 0.00 ms.
Unloading 2837 Unused Serialized files (Serialized files now loaded: 0)
System memory in use before: 152.6 MB.
System memory in use after: 148.4 MB.

Unloading 71 unused Assets to reduce memory usage. Loaded Objects now: 3323.
Total: 4.842100 ms (FindLiveObjects: 0.262600 ms CreateObjectMapping: 0.127100 ms MarkObjects: 2.065700 ms  DeleteObjects: 2.384900 ms)

AssetImportParameters requested are different than current active one (requested -> active):
  custom:framework-win-MediaFoundation: 216162199b28c13a410421893ffa2e32 -> 
  custom:video-decoder-ogg-theora: a1e56fd34408186e4bbccfd4996cb3dc -> 
  custom:container-muxer-webm: aa71ff27fc2769a1b78a27578f13a17b -> 
  custom:container-demuxer-webm: 4f35f7cbe854078d1ac9338744f61a02 -> 
  custom:container-demuxer-ogg: 62fdf1f143b41e24485cea50d1cbac27 -> 
  custom:video-encoder-webm-vp8: eb34c28f22e8b96e1ab97ce403110664 -> 
  custom:video-decoder-webm-vp8: 9c59270c3fd7afecdb556c50c9e8de78 -> 
  custom:audio-decoder-ogg-vorbis: bf7c407c2cedff20999df2af8eb42d56 -> 
  custom:audio-encoder-webm-vorbis: bf7c407c2cedff20999df2af8eb42d56 -> 
========================================================================
Received Import Request.
  Time since last request: 117.843451 seconds.
  path: Assets/Projet_Pratique
  artifactKey: Guid(8c194a8d313b0f0458b0684fd69842aa) Importer(815301076,1909f56bfc062723c751e8b465ee728b)
Start importing Assets/Projet_Pratique using Guid(8c194a8d313b0f0458b0684fd69842aa) Importer(815301076,1909f56bfc062723c751e8b465ee728b)  -> (artifact id: '0efac7d0b611fbbfbe2ab76a13702697') in 0.013887 seconds 
  Import took 0.020228 seconds .

========================================================================
Received Prepare
Registering precompiled user dll's ...
Registered in 0.010951 seconds.
Begin MonoManager ReloadAssembly
Native extension for WindowsStandalone target not found
Native extension for OSXStandalone target not found
Native extension for WebGL target not found
Refreshing native plugins compatible for Editor in 0.76 ms, found 2 plugins.
Preloading 0 native plugins for Editor in 0.00 ms.
Mono: successfully reloaded assembly
- Completed reload, in  1.612 seconds
Platform modules already initialized, skipping
Shader 'Universal Render Pipeline/Particles/Lit': fallback shader 'Universal Render Pipeline/Particles/SimpleLit' not found
Shader 'Universal Render Pipeline/Particles/Lit': fallback shader 'Universal Render Pipeline/Particles/SimpleLit' not found
Refreshing native plugins compatible for Editor in 0.75 ms, found 2 plugins.
Preloading 0 native plugins for Editor in 0.00 ms.
Unloading 2837 Unused Serialized files (Serialized files now loaded: 0)
System memory in use before: 152.5 MB.
System memory in use after: 148.3 MB.

Unloading 70 unused Assets to reduce memory usage. Loaded Objects now: 3325.
Total: 4.980800 ms (FindLiveObjects: 0.262100 ms CreateObjectMapping: 0.124200 ms MarkObjects: 2.089000 ms  DeleteObjects: 2.503700 ms)

AssetImportParameters requested are different than current active one (requested -> active):
  custom:framework-win-MediaFoundation: 216162199b28c13a410421893ffa2e32 -> 
  custom:video-decoder-ogg-theora: a1e56fd34408186e4bbccfd4996cb3dc -> 
  custom:container-muxer-webm: aa71ff27fc2769a1b78a27578f13a17b -> 
  custom:container-demuxer-webm: 4f35f7cbe854078d1ac9338744f61a02 -> 
  custom:container-demuxer-ogg: 62fdf1f143b41e24485cea50d1cbac27 -> 
  custom:video-encoder-webm-vp8: eb34c28f22e8b96e1ab97ce403110664 -> 
  custom:video-decoder-webm-vp8: 9c59270c3fd7afecdb556c50c9e8de78 -> 
  custom:audio-decoder-ogg-vorbis: bf7c407c2cedff20999df2af8eb42d56 -> 
  custom:audio-encoder-webm-vorbis: bf7c407c2cedff20999df2af8eb42d56 -> 
